<?xml version="1.0" encoding="UTF-8"?>
<testsuite name="Test" tests="1" skipped="0" failures="0" errors="0" timestamp="2020-05-11T19:41:11" hostname="DESKTOP-1AOJ487" time="0.132">
  <properties/>
  <testcase name="start" classname="Test" time="0.132"/>
  <system-out><![CDATA[?[1;31m
Start test 1?[0m
> 0 1
1
?[1;31m
Start test 2?[0m
> 1 0
1
?[1;31m
Start test 3?[0m
> 2 3
5
?[1;31m
Start test 4?[0m
> 100 123
223
?[1;31m
Start test 5?[0m
> -1 5
4
?[1;31m
Start test 6?[0m
> 5 -2
3
?[1;31m
Start test 7?[0m
> -300 -400
-700
]]></system-out>
  <system-err><![CDATA[]]></system-err>
</testsuite>
